<?xml version="1.0" encoding="UTF-8"?>
<coverage generated="1765409805215" clover="3.2.0">
  <project timestamp="1765409805215" name="All files">
    <metrics statements="122" coveredstatements="99" conditionals="66" coveredconditionals="51" methods="31" coveredmethods="25" elements="219" coveredelements="175" complexity="0" loc="122" ncloc="122" packages="1" files="1" classes="1"/>
    <file name="proyeccionAutomatica.ts" path="C:\Users\marti\OneDrive\Documentos\U 2025\Sexto semestre\Proyecto Camino\CaminoUCN\frontend\src\utils\proyeccionAutomatica.ts">
      <metrics statements="122" coveredstatements="99" conditionals="66" coveredconditionals="51" methods="31" coveredmethods="25"/>
      <line num="17" count="1" type="stmt"/>
      <line num="18" count="1" type="stmt"/>
      <line num="23" count="43" type="stmt"/>
      <line num="25" count="10" type="cond" truecount="2" falsecount="0"/>
      <line num="26" count="1" type="stmt"/>
      <line num="29" count="9" type="stmt"/>
      <line num="31" count="37" type="stmt"/>
      <line num="32" count="4" type="stmt"/>
      <line num="35" count="37" type="stmt"/>
      <line num="36" count="37" type="stmt"/>
      <line num="38" count="9" type="stmt"/>
      <line num="39" count="33" type="stmt"/>
      <line num="40" count="19" type="stmt"/>
      <line num="41" count="19" type="cond" truecount="2" falsecount="0"/>
      <line num="42" count="1" type="stmt"/>
      <line num="46" count="19" type="stmt"/>
      <line num="50" count="9" type="stmt"/>
      <line num="51" count="9" type="stmt"/>
      <line num="52" count="9" type="stmt"/>
      <line num="54" count="9" type="stmt"/>
      <line num="55" count="20" type="stmt"/>
      <line num="56" count="20" type="stmt"/>
      <line num="58" count="53" type="stmt"/>
      <line num="60" count="20" type="stmt"/>
      <line num="61" count="53" type="stmt"/>
      <line num="64" count="20" type="cond" truecount="2" falsecount="2"/>
      <line num="65" count="0" type="stmt"/>
      <line num="66" count="0" type="stmt"/>
      <line num="68" count="0" type="stmt"/>
      <line num="72" count="0" type="stmt"/>
      <line num="76" count="0" type="stmt"/>
      <line num="77" count="0" type="stmt"/>
      <line num="78" count="0" type="stmt"/>
      <line num="79" count="0" type="stmt"/>
      <line num="82" count="0" type="cond" truecount="0" falsecount="2"/>
      <line num="83" count="0" type="stmt"/>
      <line num="87" count="0" type="stmt"/>
      <line num="88" count="0" type="stmt"/>
      <line num="89" count="0" type="stmt"/>
      <line num="91" count="0" type="stmt"/>
      <line num="97" count="0" type="stmt"/>
      <line num="98" count="0" type="stmt"/>
      <line num="100" count="0" type="stmt"/>
      <line num="101" count="0" type="stmt"/>
      <line num="103" count="0" type="stmt"/>
      <line num="107" count="20" type="stmt"/>
      <line num="114" count="20" type="stmt"/>
      <line num="116" count="34" type="stmt"/>
      <line num="117" count="18" type="stmt"/>
      <line num="118" count="18" type="cond" truecount="1" falsecount="1"/>
      <line num="121" count="34" type="cond" truecount="2" falsecount="0"/>
      <line num="122" count="14" type="stmt"/>
      <line num="123" count="14" type="stmt"/>
      <line num="124" count="14" type="stmt"/>
      <line num="126" count="14" type="cond" truecount="2" falsecount="0"/>
      <line num="127" count="1" type="stmt"/>
      <line num="131" count="33" type="cond" truecount="1" falsecount="1"/>
      <line num="132" count="33" type="stmt"/>
      <line num="133" count="33" type="stmt"/>
      <line num="134" count="33" type="stmt"/>
      <line num="138" count="20" type="cond" truecount="1" falsecount="1"/>
      <line num="139" count="0" type="stmt"/>
      <line num="140" count="0" type="stmt"/>
      <line num="143" count="20" type="stmt"/>
      <line num="149" count="20" type="stmt"/>
      <line num="150" count="53" type="stmt"/>
      <line num="153" count="20" type="stmt"/>
      <line num="155" count="20" type="cond" truecount="1" falsecount="1"/>
      <line num="156" count="0" type="stmt"/>
      <line num="157" count="0" type="stmt"/>
      <line num="161" count="9" type="stmt"/>
      <line num="170" count="20" type="stmt"/>
      <line num="171" count="14" type="cond" truecount="2" falsecount="2"/>
      <line num="172" count="14" type="cond" truecount="4" falsecount="0"/>
      <line num="174" count="13" type="stmt"/>
      <line num="175" count="13" type="stmt"/>
      <line num="177" count="13" type="cond" truecount="3" falsecount="1"/>
      <line num="178" count="13" type="cond" truecount="4" falsecount="0"/>
      <line num="180" count="12" type="stmt"/>
      <line num="181" count="12" type="stmt"/>
      <line num="182" count="12" type="cond" truecount="1" falsecount="1"/>
      <line num="184" count="12" type="cond" truecount="2" falsecount="0"/>
      <line num="186" count="6" type="stmt"/>
      <line num="197" count="33" type="stmt"/>
      <line num="198" count="11" type="cond" truecount="2" falsecount="0"/>
      <line num="199" count="1" type="stmt"/>
      <line num="202" count="10" type="cond" truecount="2" falsecount="0"/>
      <line num="203" count="1" type="stmt"/>
      <line num="207" count="9" type="cond" truecount="2" falsecount="0"/>
      <line num="208" count="1" type="stmt"/>
      <line num="211" count="8" type="stmt"/>
      <line num="213" count="8" type="cond" truecount="2" falsecount="0"/>
      <line num="214" count="1" type="stmt"/>
      <line num="220" count="7" type="stmt"/>
      <line num="221" count="38" type="stmt"/>
      <line num="224" count="7" type="stmt"/>
      <line num="225" count="8" type="cond" truecount="2" falsecount="0"/>
      <line num="226" count="7" type="stmt"/>
      <line num="227" count="7" type="cond" truecount="2" falsecount="0"/>
      <line num="228" count="6" type="stmt"/>
      <line num="234" count="8" type="stmt"/>
      <line num="235" count="7" type="stmt"/>
      <line num="238" count="8" type="cond" truecount="2" falsecount="0"/>
      <line num="239" count="1" type="stmt"/>
      <line num="245" count="6" type="stmt"/>
      <line num="246" count="32" type="stmt"/>
      <line num="249" count="6" type="stmt"/>
      <line num="250" count="5" type="stmt"/>
      <line num="251" count="3" type="cond" truecount="2" falsecount="0"/>
      <line num="252" count="1" type="cond" truecount="1" falsecount="1"/>
      <line num="253" count="1" type="stmt"/>
      <line num="254" count="1" type="stmt"/>
      <line num="264" count="5" type="stmt"/>
      <line num="266" count="1" type="stmt"/>
      <line num="267" count="1" type="cond" truecount="1" falsecount="1"/>
      <line num="269" count="1" type="stmt"/>
      <line num="271" count="5" type="cond" truecount="2" falsecount="0"/>
      <line num="272" count="1" type="stmt"/>
      <line num="273" count="1" type="stmt"/>
      <line num="275" count="1" type="cond" truecount="1" falsecount="1"/>
      <line num="276" count="1" type="stmt"/>
      <line num="283" count="4" type="stmt"/>
    </file>
  </project>
</coverage>
