{"C:\\Users\\marti\\OneDrive\\Documentos\\U 2025\\Sexto semestre\\Proyecto Camino\\CaminoUCN\\frontend\\src\\utils\\proyeccionAutomatica.ts": {"path":"C:\\Users\\marti\\OneDrive\\Documentos\\U 2025\\Sexto semestre\\Proyecto Camino\\CaminoUCN\\frontend\\src\\utils\\proyeccionAutomatica.ts","statementMap":{"0":{"start":{"line":17,"column":34},"end":{"line":17,"column":null}},"1":{"start":{"line":18,"column":31},"end":{"line":18,"column":null}},"2":{"start":{"line":23,"column":21},"end":{"line":23,"column":null}},"3":{"start":{"line":23,"column":47},"end":{"line":23,"column":73}},"4":{"start":{"line":25,"column":2},"end":{"line":27,"column":null}},"5":{"start":{"line":26,"column":4},"end":{"line":26,"column":null}},"6":{"start":{"line":29,"column":20},"end":{"line":33,"column":null}},"7":{"start":{"line":31,"column":24},"end":{"line":31,"column":50}},"8":{"start":{"line":32,"column":21},"end":{"line":32,"column":32}},"9":{"start":{"line":35,"column":26},"end":{"line":35,"column":null}},"10":{"start":{"line":35,"column":57},"end":{"line":35,"column":76}},"11":{"start":{"line":36,"column":28},"end":{"line":36,"column":null}},"12":{"start":{"line":36,"column":59},"end":{"line":36,"column":70}},"13":{"start":{"line":38,"column":2},"end":{"line":48,"column":null}},"14":{"start":{"line":39,"column":4},"end":{"line":47,"column":null}},"15":{"start":{"line":40,"column":21},"end":{"line":40,"column":null}},"16":{"start":{"line":41,"column":6},"end":{"line":45,"column":null}},"17":{"start":{"line":42,"column":8},"end":{"line":44,"column":null}},"18":{"start":{"line":46,"column":6},"end":{"line":46,"column":null}},"19":{"start":{"line":50,"column":42},"end":{"line":50,"column":null}},"20":{"start":{"line":51,"column":29},"end":{"line":51,"column":null}},"21":{"start":{"line":52,"column":23},"end":{"line":52,"column":null}},"22":{"start":{"line":54,"column":2},"end":{"line":159,"column":null}},"23":{"start":{"line":55,"column":37},"end":{"line":55,"column":null}},"24":{"start":{"line":56,"column":27},"end":{"line":56,"column":null}},"25":{"start":{"line":58,"column":24},"end":{"line":58,"column":null}},"26":{"start":{"line":58,"column":68},"end":{"line":58,"column":75}},"27":{"start":{"line":60,"column":24},"end":{"line":62,"column":null}},"28":{"start":{"line":61,"column":6},"end":{"line":61,"column":null}},"29":{"start":{"line":61,"column":43},"end":{"line":61,"column":64}},"30":{"start":{"line":64,"column":4},"end":{"line":105,"column":null}},"31":{"start":{"line":65,"column":6},"end":{"line":65,"column":null}},"32":{"start":{"line":66,"column":6},"end":{"line":74,"column":null}},"33":{"start":{"line":68,"column":41},"end":{"line":73,"column":10}},"34":{"start":{"line":72,"column":50},"end":{"line":72,"column":67}},"35":{"start":{"line":76,"column":29},"end":{"line":80,"column":null}},"36":{"start":{"line":77,"column":27},"end":{"line":77,"column":null}},"37":{"start":{"line":77,"column":50},"end":{"line":77,"column":67}},"38":{"start":{"line":78,"column":27},"end":{"line":78,"column":null}},"39":{"start":{"line":78,"column":50},"end":{"line":78,"column":67}},"40":{"start":{"line":79,"column":8},"end":{"line":79,"column":null}},"41":{"start":{"line":82,"column":6},"end":{"line":104,"column":null}},"42":{"start":{"line":83,"column":8},"end":{"line":86,"column":null}},"43":{"start":{"line":87,"column":8},"end":{"line":87,"column":null}},"44":{"start":{"line":88,"column":8},"end":{"line":88,"column":null}},"45":{"start":{"line":89,"column":8},"end":{"line":89,"column":null}},"46":{"start":{"line":91,"column":8},"end":{"line":95,"column":null}},"47":{"start":{"line":97,"column":8},"end":{"line":99,"column":null}},"48":{"start":{"line":98,"column":20},"end":{"line":98,"column":null}},"49":{"start":{"line":100,"column":8},"end":{"line":100,"column":null}},"50":{"start":{"line":101,"column":8},"end":{"line":101,"column":null}},"51":{"start":{"line":103,"column":8},"end":{"line":103,"column":null}},"52":{"start":{"line":107,"column":24},"end":{"line":112,"column":null}},"53":{"start":{"line":114,"column":4},"end":{"line":136,"column":null}},"54":{"start":{"line":116,"column":30},"end":{"line":119,"column":null}},"55":{"start":{"line":117,"column":18},"end":{"line":117,"column":null}},"56":{"start":{"line":118,"column":8},"end":{"line":118,"column":null}},"57":{"start":{"line":121,"column":6},"end":{"line":129,"column":null}},"58":{"start":{"line":122,"column":25},"end":{"line":122,"column":null}},"59":{"start":{"line":123,"column":25},"end":{"line":123,"column":null}},"60":{"start":{"line":124,"column":33},"end":{"line":124,"column":null}},"61":{"start":{"line":126,"column":8},"end":{"line":128,"column":null}},"62":{"start":{"line":127,"column":10},"end":{"line":127,"column":null}},"63":{"start":{"line":131,"column":6},"end":{"line":135,"column":null}},"64":{"start":{"line":132,"column":8},"end":{"line":132,"column":null}},"65":{"start":{"line":133,"column":8},"end":{"line":133,"column":null}},"66":{"start":{"line":134,"column":8},"end":{"line":134,"column":null}},"67":{"start":{"line":138,"column":4},"end":{"line":141,"column":null}},"68":{"start":{"line":139,"column":6},"end":{"line":139,"column":null}},"69":{"start":{"line":140,"column":6},"end":{"line":140,"column":null}},"70":{"start":{"line":143,"column":4},"end":{"line":147,"column":null}},"71":{"start":{"line":149,"column":4},"end":{"line":151,"column":null}},"72":{"start":{"line":150,"column":16},"end":{"line":150,"column":null}},"73":{"start":{"line":153,"column":4},"end":{"line":153,"column":null}},"74":{"start":{"line":155,"column":4},"end":{"line":158,"column":null}},"75":{"start":{"line":156,"column":6},"end":{"line":156,"column":null}},"76":{"start":{"line":157,"column":6},"end":{"line":157,"column":null}},"77":{"start":{"line":161,"column":2},"end":{"line":161,"column":null}},"78":{"start":{"line":170,"column":2},"end":{"line":187,"column":null}},"79":{"start":{"line":171,"column":4},"end":{"line":171,"column":null}},"80":{"start":{"line":171,"column":53},"end":{"line":171,"column":null}},"81":{"start":{"line":172,"column":4},"end":{"line":172,"column":null}},"82":{"start":{"line":172,"column":53},"end":{"line":172,"column":null}},"83":{"start":{"line":174,"column":22},"end":{"line":174,"column":null}},"84":{"start":{"line":175,"column":22},"end":{"line":175,"column":null}},"85":{"start":{"line":177,"column":4},"end":{"line":177,"column":null}},"86":{"start":{"line":177,"column":33},"end":{"line":177,"column":null}},"87":{"start":{"line":178,"column":4},"end":{"line":178,"column":null}},"88":{"start":{"line":178,"column":33},"end":{"line":178,"column":null}},"89":{"start":{"line":180,"column":20},"end":{"line":180,"column":null}},"90":{"start":{"line":181,"column":20},"end":{"line":181,"column":null}},"91":{"start":{"line":182,"column":4},"end":{"line":182,"column":null}},"92":{"start":{"line":182,"column":29},"end":{"line":182,"column":null}},"93":{"start":{"line":184,"column":4},"end":{"line":184,"column":null}},"94":{"start":{"line":184,"column":29},"end":{"line":184,"column":null}},"95":{"start":{"line":186,"column":4},"end":{"line":186,"column":null}},"96":{"start":{"line":197,"column":21},"end":{"line":197,"column":null}},"97":{"start":{"line":197,"column":42},"end":{"line":197,"column":71}},"98":{"start":{"line":198,"column":2},"end":{"line":200,"column":null}},"99":{"start":{"line":199,"column":4},"end":{"line":199,"column":null}},"100":{"start":{"line":202,"column":2},"end":{"line":204,"column":null}},"101":{"start":{"line":203,"column":4},"end":{"line":203,"column":null}},"102":{"start":{"line":207,"column":2},"end":{"line":209,"column":null}},"103":{"start":{"line":208,"column":4},"end":{"line":208,"column":null}},"104":{"start":{"line":211,"column":27},"end":{"line":211,"column":null}},"105":{"start":{"line":213,"column":2},"end":{"line":218,"column":null}},"106":{"start":{"line":214,"column":4},"end":{"line":217,"column":null}},"107":{"start":{"line":220,"column":20},"end":{"line":222,"column":null}},"108":{"start":{"line":221,"column":27},"end":{"line":221,"column":50}},"109":{"start":{"line":221,"column":63},"end":{"line":221,"column":71}},"110":{"start":{"line":224,"column":2},"end":{"line":232,"column":null}},"111":{"start":{"line":224,"column":15},"end":{"line":224,"column":18}},"112":{"start":{"line":225,"column":4},"end":{"line":231,"column":null}},"113":{"start":{"line":226,"column":6},"end":{"line":230,"column":null}},"114":{"start":{"line":227,"column":8},"end":{"line":229,"column":null}},"115":{"start":{"line":228,"column":10},"end":{"line":228,"column":null}},"116":{"start":{"line":234,"column":33},"end":{"line":236,"column":null}},"117":{"start":{"line":235,"column":16},"end":{"line":235,"column":null}},"118":{"start":{"line":238,"column":2},"end":{"line":243,"column":null}},"119":{"start":{"line":239,"column":4},"end":{"line":242,"column":null}},"120":{"start":{"line":245,"column":39},"end":{"line":247,"column":null}},"121":{"start":{"line":246,"column":4},"end":{"line":246,"column":null}},"122":{"start":{"line":249,"column":2},"end":{"line":261,"column":null}},"123":{"start":{"line":250,"column":4},"end":{"line":260,"column":null}},"124":{"start":{"line":251,"column":6},"end":{"line":259,"column":null}},"125":{"start":{"line":252,"column":8},"end":{"line":258,"column":null}},"126":{"start":{"line":253,"column":36},"end":{"line":253,"column":null}},"127":{"start":{"line":254,"column":10},"end":{"line":257,"column":null}},"128":{"start":{"line":264,"column":26},"end":{"line":269,"column":null}},"129":{"start":{"line":266,"column":16},"end":{"line":266,"column":null}},"130":{"start":{"line":266,"column":37},"end":{"line":266,"column":53}},"131":{"start":{"line":267,"column":6},"end":{"line":267,"column":null}},"132":{"start":{"line":269,"column":19},"end":{"line":269,"column":24}},"133":{"start":{"line":271,"column":2},"end":{"line":281,"column":null}},"134":{"start":{"line":272,"column":21},"end":{"line":272,"column":null}},"135":{"start":{"line":273,"column":21},"end":{"line":273,"column":null}},"136":{"start":{"line":275,"column":4},"end":{"line":280,"column":null}},"137":{"start":{"line":276,"column":6},"end":{"line":279,"column":null}},"138":{"start":{"line":283,"column":2},"end":{"line":283,"column":null}}},"fnMap":{"0":{"name":"calcularProyeccionAutomatica","decl":{"start":{"line":20,"column":16},"end":{"line":20,"column":null}},"loc":{"start":{"line":22,"column":24},"end":{"line":162,"column":null}},"line":22},"1":{"name":"(anonymous_1)","decl":{"start":{"line":23,"column":37},"end":{"line":23,"column":38}},"loc":{"start":{"line":23,"column":47},"end":{"line":23,"column":73}},"line":23},"2":{"name":"(anonymous_2)","decl":{"start":{"line":31,"column":14},"end":{"line":31,"column":15}},"loc":{"start":{"line":31,"column":24},"end":{"line":31,"column":50}},"line":31},"3":{"name":"(anonymous_3)","decl":{"start":{"line":32,"column":11},"end":{"line":32,"column":12}},"loc":{"start":{"line":32,"column":21},"end":{"line":32,"column":32}},"line":32},"4":{"name":"(anonymous_4)","decl":{"start":{"line":35,"column":47},"end":{"line":35,"column":48}},"loc":{"start":{"line":35,"column":57},"end":{"line":35,"column":76}},"line":35},"5":{"name":"(anonymous_5)","decl":{"start":{"line":36,"column":49},"end":{"line":36,"column":50}},"loc":{"start":{"line":36,"column":59},"end":{"line":36,"column":70}},"line":36},"6":{"name":"(anonymous_6)","decl":{"start":{"line":38,"column":21},"end":{"line":38,"column":22}},"loc":{"start":{"line":38,"column":31},"end":{"line":48,"column":3}},"line":38},"7":{"name":"(anonymous_7)","decl":{"start":{"line":39,"column":37},"end":{"line":39,"column":38}},"loc":{"start":{"line":39,"column":49},"end":{"line":47,"column":5}},"line":39},"8":{"name":"(anonymous_8)","decl":{"start":{"line":58,"column":61},"end":{"line":58,"column":62}},"loc":{"start":{"line":58,"column":68},"end":{"line":58,"column":75}},"line":58},"9":{"name":"(anonymous_9)","decl":{"start":{"line":60,"column":52},"end":{"line":60,"column":53}},"loc":{"start":{"line":60,"column":62},"end":{"line":62,"column":5}},"line":60},"10":{"name":"(anonymous_10)","decl":{"start":{"line":61,"column":31},"end":{"line":61,"column":32}},"loc":{"start":{"line":61,"column":43},"end":{"line":61,"column":64}},"line":61},"11":{"name":"(anonymous_11)","decl":{"start":{"line":68,"column":33},"end":{"line":68,"column":34}},"loc":{"start":{"line":68,"column":41},"end":{"line":73,"column":10}},"line":68},"12":{"name":"(anonymous_12)","decl":{"start":{"line":72,"column":43},"end":{"line":72,"column":44}},"loc":{"start":{"line":72,"column":50},"end":{"line":72,"column":67}},"line":72},"13":{"name":"(anonymous_13)","decl":{"start":{"line":76,"column":60},"end":{"line":76,"column":61}},"loc":{"start":{"line":76,"column":70},"end":{"line":80,"column":7}},"line":76},"14":{"name":"(anonymous_14)","decl":{"start":{"line":77,"column":43},"end":{"line":77,"column":44}},"loc":{"start":{"line":77,"column":50},"end":{"line":77,"column":67}},"line":77},"15":{"name":"(anonymous_15)","decl":{"start":{"line":78,"column":43},"end":{"line":78,"column":44}},"loc":{"start":{"line":78,"column":50},"end":{"line":78,"column":67}},"line":78},"16":{"name":"(anonymous_16)","decl":{"start":{"line":98,"column":10},"end":{"line":98,"column":11}},"loc":{"start":{"line":98,"column":20},"end":{"line":98,"column":null}},"line":98},"17":{"name":"(anonymous_17)","decl":{"start":{"line":116,"column":49},"end":{"line":116,"column":50}},"loc":{"start":{"line":116,"column":58},"end":{"line":119,"column":7}},"line":116},"18":{"name":"(anonymous_18)","decl":{"start":{"line":150,"column":6},"end":{"line":150,"column":7}},"loc":{"start":{"line":150,"column":16},"end":{"line":150,"column":null}},"line":150},"19":{"name":"priorizarAsignaturas","decl":{"start":{"line":164,"column":9},"end":{"line":164,"column":null}},"loc":{"start":{"line":169,"column":16},"end":{"line":188,"column":null}},"line":169},"20":{"name":"(anonymous_20)","decl":{"start":{"line":170,"column":26},"end":{"line":170,"column":27}},"loc":{"start":{"line":170,"column":36},"end":{"line":187,"column":3}},"line":170},"21":{"name":"puedeAgregarAsignatura","decl":{"start":{"line":190,"column":16},"end":{"line":190,"column":null}},"loc":{"start":{"line":196,"column":39},"end":{"line":284,"column":null}},"line":196},"22":{"name":"(anonymous_22)","decl":{"start":{"line":197,"column":35},"end":{"line":197,"column":36}},"loc":{"start":{"line":197,"column":42},"end":{"line":197,"column":71}},"line":197},"23":{"name":"(anonymous_23)","decl":{"start":{"line":221,"column":20},"end":{"line":221,"column":21}},"loc":{"start":{"line":221,"column":27},"end":{"line":221,"column":50}},"line":221},"24":{"name":"(anonymous_24)","decl":{"start":{"line":221,"column":56},"end":{"line":221,"column":57}},"loc":{"start":{"line":221,"column":63},"end":{"line":221,"column":71}},"line":221},"25":{"name":"(anonymous_25)","decl":{"start":{"line":226,"column":50},"end":{"line":226,"column":51}},"loc":{"start":{"line":226,"column":59},"end":{"line":230,"column":7}},"line":226},"26":{"name":"(anonymous_26)","decl":{"start":{"line":235,"column":4},"end":{"line":235,"column":5}},"loc":{"start":{"line":235,"column":16},"end":{"line":235,"column":null}},"line":235},"27":{"name":"(anonymous_27)","decl":{"start":{"line":245,"column":55},"end":{"line":245,"column":56}},"loc":{"start":{"line":246,"column":4},"end":{"line":246,"column":null}},"line":246},"28":{"name":"(anonymous_28)","decl":{"start":{"line":265,"column":9},"end":{"line":265,"column":10}},"loc":{"start":{"line":265,"column":18},"end":{"line":268,"column":5}},"line":265},"29":{"name":"(anonymous_29)","decl":{"start":{"line":266,"column":30},"end":{"line":266,"column":31}},"loc":{"start":{"line":266,"column":37},"end":{"line":266,"column":53}},"line":266},"30":{"name":"(anonymous_30)","decl":{"start":{"line":269,"column":12},"end":{"line":269,"column":13}},"loc":{"start":{"line":269,"column":19},"end":{"line":269,"column":24}},"line":269}},"branchMap":{"0":{"loc":{"start":{"line":25,"column":2},"end":{"line":27,"column":null}},"type":"if","locations":[{"start":{"line":25,"column":2},"end":{"line":27,"column":null}},{"start":{},"end":{}}],"line":25},"1":{"loc":{"start":{"line":41,"column":6},"end":{"line":45,"column":null}},"type":"if","locations":[{"start":{"line":41,"column":6},"end":{"line":45,"column":null}},{"start":{},"end":{}}],"line":41},"2":{"loc":{"start":{"line":64,"column":4},"end":{"line":105,"column":null}},"type":"if","locations":[{"start":{"line":64,"column":4},"end":{"line":105,"column":null}},{"start":{},"end":{}}],"line":64},"3":{"loc":{"start":{"line":64,"column":8},"end":{"line":64,"column":69}},"type":"binary-expr","locations":[{"start":{"line":64,"column":8},"end":{"line":64,"column":36}},{"start":{"line":64,"column":36},"end":{"line":64,"column":69}}],"line":64},"4":{"loc":{"start":{"line":82,"column":6},"end":{"line":104,"column":null}},"type":"if","locations":[{"start":{"line":82,"column":6},"end":{"line":104,"column":null}},{"start":{"line":102,"column":13},"end":{"line":104,"column":null}}],"line":82},"5":{"loc":{"start":{"line":118,"column":15},"end":{"line":118,"column":null}},"type":"cond-expr","locations":[{"start":{"line":118,"column":19},"end":{"line":118,"column":29}},{"start":{"line":118,"column":29},"end":{"line":118,"column":null}}],"line":118},"6":{"loc":{"start":{"line":121,"column":6},"end":{"line":129,"column":null}},"type":"if","locations":[{"start":{"line":121,"column":6},"end":{"line":129,"column":null}},{"start":{},"end":{}}],"line":121},"7":{"loc":{"start":{"line":126,"column":8},"end":{"line":128,"column":null}},"type":"if","locations":[{"start":{"line":126,"column":8},"end":{"line":128,"column":null}},{"start":{},"end":{}}],"line":126},"8":{"loc":{"start":{"line":131,"column":6},"end":{"line":135,"column":null}},"type":"if","locations":[{"start":{"line":131,"column":6},"end":{"line":135,"column":null}},{"start":{},"end":{}}],"line":131},"9":{"loc":{"start":{"line":138,"column":4},"end":{"line":141,"column":null}},"type":"if","locations":[{"start":{"line":138,"column":4},"end":{"line":141,"column":null}},{"start":{},"end":{}}],"line":138},"10":{"loc":{"start":{"line":155,"column":4},"end":{"line":158,"column":null}},"type":"if","locations":[{"start":{"line":155,"column":4},"end":{"line":158,"column":null}},{"start":{},"end":{}}],"line":155},"11":{"loc":{"start":{"line":171,"column":4},"end":{"line":171,"column":null}},"type":"if","locations":[{"start":{"line":171,"column":4},"end":{"line":171,"column":null}},{"start":{},"end":{}}],"line":171},"12":{"loc":{"start":{"line":171,"column":8},"end":{"line":171,"column":53}},"type":"binary-expr","locations":[{"start":{"line":171,"column":8},"end":{"line":171,"column":32}},{"start":{"line":171,"column":32},"end":{"line":171,"column":53}}],"line":171},"13":{"loc":{"start":{"line":172,"column":4},"end":{"line":172,"column":null}},"type":"if","locations":[{"start":{"line":172,"column":4},"end":{"line":172,"column":null}},{"start":{},"end":{}}],"line":172},"14":{"loc":{"start":{"line":172,"column":8},"end":{"line":172,"column":53}},"type":"binary-expr","locations":[{"start":{"line":172,"column":8},"end":{"line":172,"column":32}},{"start":{"line":172,"column":32},"end":{"line":172,"column":53}}],"line":172},"15":{"loc":{"start":{"line":177,"column":4},"end":{"line":177,"column":null}},"type":"if","locations":[{"start":{"line":177,"column":4},"end":{"line":177,"column":null}},{"start":{},"end":{}}],"line":177},"16":{"loc":{"start":{"line":177,"column":8},"end":{"line":177,"column":33}},"type":"binary-expr","locations":[{"start":{"line":177,"column":8},"end":{"line":177,"column":21}},{"start":{"line":177,"column":21},"end":{"line":177,"column":33}}],"line":177},"17":{"loc":{"start":{"line":178,"column":4},"end":{"line":178,"column":null}},"type":"if","locations":[{"start":{"line":178,"column":4},"end":{"line":178,"column":null}},{"start":{},"end":{}}],"line":178},"18":{"loc":{"start":{"line":178,"column":8},"end":{"line":178,"column":33}},"type":"binary-expr","locations":[{"start":{"line":178,"column":8},"end":{"line":178,"column":22}},{"start":{"line":178,"column":22},"end":{"line":178,"column":33}}],"line":178},"19":{"loc":{"start":{"line":182,"column":4},"end":{"line":182,"column":null}},"type":"if","locations":[{"start":{"line":182,"column":4},"end":{"line":182,"column":null}},{"start":{},"end":{}}],"line":182},"20":{"loc":{"start":{"line":184,"column":4},"end":{"line":184,"column":null}},"type":"if","locations":[{"start":{"line":184,"column":4},"end":{"line":184,"column":null}},{"start":{},"end":{}}],"line":184},"21":{"loc":{"start":{"line":198,"column":2},"end":{"line":200,"column":null}},"type":"if","locations":[{"start":{"line":198,"column":2},"end":{"line":200,"column":null}},{"start":{},"end":{}}],"line":198},"22":{"loc":{"start":{"line":202,"column":2},"end":{"line":204,"column":null}},"type":"if","locations":[{"start":{"line":202,"column":2},"end":{"line":204,"column":null}},{"start":{},"end":{}}],"line":202},"23":{"loc":{"start":{"line":207,"column":2},"end":{"line":209,"column":null}},"type":"if","locations":[{"start":{"line":207,"column":2},"end":{"line":209,"column":null}},{"start":{},"end":{}}],"line":207},"24":{"loc":{"start":{"line":213,"column":2},"end":{"line":218,"column":null}},"type":"if","locations":[{"start":{"line":213,"column":2},"end":{"line":218,"column":null}},{"start":{},"end":{}}],"line":213},"25":{"loc":{"start":{"line":225,"column":4},"end":{"line":231,"column":null}},"type":"if","locations":[{"start":{"line":225,"column":4},"end":{"line":231,"column":null}},{"start":{},"end":{}}],"line":225},"26":{"loc":{"start":{"line":227,"column":8},"end":{"line":229,"column":null}},"type":"if","locations":[{"start":{"line":227,"column":8},"end":{"line":229,"column":null}},{"start":{},"end":{}}],"line":227},"27":{"loc":{"start":{"line":238,"column":2},"end":{"line":243,"column":null}},"type":"if","locations":[{"start":{"line":238,"column":2},"end":{"line":243,"column":null}},{"start":{},"end":{}}],"line":238},"28":{"loc":{"start":{"line":251,"column":6},"end":{"line":259,"column":null}},"type":"if","locations":[{"start":{"line":251,"column":6},"end":{"line":259,"column":null}},{"start":{},"end":{}}],"line":251},"29":{"loc":{"start":{"line":252,"column":8},"end":{"line":258,"column":null}},"type":"if","locations":[{"start":{"line":252,"column":8},"end":{"line":258,"column":null}},{"start":{},"end":{}}],"line":252},"30":{"loc":{"start":{"line":267,"column":13},"end":{"line":267,"column":null}},"type":"cond-expr","locations":[{"start":{"line":267,"column":17},"end":{"line":267,"column":27}},{"start":{"line":267,"column":27},"end":{"line":267,"column":null}}],"line":267},"31":{"loc":{"start":{"line":271,"column":2},"end":{"line":281,"column":null}},"type":"if","locations":[{"start":{"line":271,"column":2},"end":{"line":281,"column":null}},{"start":{},"end":{}}],"line":271},"32":{"loc":{"start":{"line":275,"column":4},"end":{"line":280,"column":null}},"type":"if","locations":[{"start":{"line":275,"column":4},"end":{"line":280,"column":null}},{"start":{},"end":{}}],"line":275}},"s":{"0":1,"1":1,"2":10,"3":43,"4":10,"5":1,"6":9,"7":37,"8":4,"9":9,"10":37,"11":9,"12":37,"13":9,"14":33,"15":19,"16":19,"17":1,"18":19,"19":9,"20":9,"21":9,"22":9,"23":20,"24":20,"25":20,"26":53,"27":20,"28":53,"29":41,"30":20,"31":0,"32":0,"33":0,"34":0,"35":0,"36":0,"37":0,"38":0,"39":0,"40":0,"41":0,"42":0,"43":0,"44":0,"45":0,"46":0,"47":0,"48":0,"49":0,"50":0,"51":0,"52":20,"53":20,"54":34,"55":18,"56":18,"57":34,"58":14,"59":14,"60":14,"61":14,"62":1,"63":33,"64":33,"65":33,"66":33,"67":20,"68":0,"69":0,"70":20,"71":20,"72":53,"73":20,"74":20,"75":0,"76":0,"77":9,"78":20,"79":14,"80":0,"81":14,"82":1,"83":13,"84":13,"85":13,"86":0,"87":13,"88":1,"89":12,"90":12,"91":12,"92":0,"93":12,"94":12,"95":6,"96":11,"97":33,"98":11,"99":1,"100":10,"101":1,"102":9,"103":1,"104":8,"105":8,"106":1,"107":7,"108":38,"109":6,"110":7,"111":7,"112":8,"113":7,"114":7,"115":6,"116":8,"117":7,"118":8,"119":1,"120":6,"121":32,"122":6,"123":5,"124":3,"125":1,"126":1,"127":1,"128":5,"129":1,"130":1,"131":1,"132":1,"133":5,"134":1,"135":1,"136":1,"137":1,"138":4},"f":{"0":10,"1":43,"2":37,"3":4,"4":37,"5":37,"6":33,"7":19,"8":53,"9":53,"10":41,"11":0,"12":0,"13":0,"14":0,"15":0,"16":0,"17":18,"18":53,"19":20,"20":14,"21":11,"22":33,"23":38,"24":6,"25":7,"26":7,"27":32,"28":1,"29":1,"30":1},"b":{"0":[1,9],"1":[1,18],"2":[0,20],"3":[20,0],"4":[0,0],"5":[18,0],"6":[14,20],"7":[1,13],"8":[33,0],"9":[0,20],"10":[0,20],"11":[0,14],"12":[14,0],"13":[1,13],"14":[14,1],"15":[0,13],"16":[13,12],"17":[1,12],"18":[13,1],"19":[0,12],"20":[6,6],"21":[1,10],"22":[1,9],"23":[1,8],"24":[1,7],"25":[7,1],"26":[6,1],"27":[1,7],"28":[1,2],"29":[1,0],"30":[1,0],"31":[1,4],"32":[1,0]},"meta":{"lastBranch":33,"lastFunction":31,"lastStatement":139,"seen":{"s:17:34:17:Infinity":0,"s:18:31:18:Infinity":1,"f:20:16:20:Infinity":0,"s:23:21:23:Infinity":2,"f:23:37:23:38":1,"s:23:47:23:73":3,"b:25:2:27:Infinity:undefined:undefined:undefined:undefined":0,"s:25:2:27:Infinity":4,"s:26:4:26:Infinity":5,"s:29:20:33:Infinity":6,"f:31:14:31:15":2,"s:31:24:31:50":7,"f:32:11:32:12":3,"s:32:21:32:32":8,"s:35:26:35:Infinity":9,"f:35:47:35:48":4,"s:35:57:35:76":10,"s:36:28:36:Infinity":11,"f:36:49:36:50":5,"s:36:59:36:70":12,"s:38:2:48:Infinity":13,"f:38:21:38:22":6,"s:39:4:47:Infinity":14,"f:39:37:39:38":7,"s:40:21:40:Infinity":15,"b:41:6:45:Infinity:undefined:undefined:undefined:undefined":1,"s:41:6:45:Infinity":16,"s:42:8:44:Infinity":17,"s:46:6:46:Infinity":18,"s:50:42:50:Infinity":19,"s:51:29:51:Infinity":20,"s:52:23:52:Infinity":21,"s:54:2:159:Infinity":22,"s:55:37:55:Infinity":23,"s:56:27:56:Infinity":24,"s:58:24:58:Infinity":25,"f:58:61:58:62":8,"s:58:68:58:75":26,"s:60:24:62:Infinity":27,"f:60:52:60:53":9,"s:61:6:61:Infinity":28,"f:61:31:61:32":10,"s:61:43:61:64":29,"b:64:4:105:Infinity:undefined:undefined:undefined:undefined":2,"s:64:4:105:Infinity":30,"b:64:8:64:36:64:36:64:69":3,"s:65:6:65:Infinity":31,"s:66:6:74:Infinity":32,"f:68:33:68:34":11,"s:68:41:73:10":33,"f:72:43:72:44":12,"s:72:50:72:67":34,"s:76:29:80:Infinity":35,"f:76:60:76:61":13,"s:77:27:77:Infinity":36,"f:77:43:77:44":14,"s:77:50:77:67":37,"s:78:27:78:Infinity":38,"f:78:43:78:44":15,"s:78:50:78:67":39,"s:79:8:79:Infinity":40,"b:82:6:104:Infinity:102:13:104:Infinity":4,"s:82:6:104:Infinity":41,"s:83:8:86:Infinity":42,"s:87:8:87:Infinity":43,"s:88:8:88:Infinity":44,"s:89:8:89:Infinity":45,"s:91:8:95:Infinity":46,"s:97:8:99:Infinity":47,"f:98:10:98:11":16,"s:98:20:98:Infinity":48,"s:100:8:100:Infinity":49,"s:101:8:101:Infinity":50,"s:103:8:103:Infinity":51,"s:107:24:112:Infinity":52,"s:114:4:136:Infinity":53,"s:116:30:119:Infinity":54,"f:116:49:116:50":17,"s:117:18:117:Infinity":55,"s:118:8:118:Infinity":56,"b:118:19:118:29:118:29:118:Infinity":5,"b:121:6:129:Infinity:undefined:undefined:undefined:undefined":6,"s:121:6:129:Infinity":57,"s:122:25:122:Infinity":58,"s:123:25:123:Infinity":59,"s:124:33:124:Infinity":60,"b:126:8:128:Infinity:undefined:undefined:undefined:undefined":7,"s:126:8:128:Infinity":61,"s:127:10:127:Infinity":62,"b:131:6:135:Infinity:undefined:undefined:undefined:undefined":8,"s:131:6:135:Infinity":63,"s:132:8:132:Infinity":64,"s:133:8:133:Infinity":65,"s:134:8:134:Infinity":66,"b:138:4:141:Infinity:undefined:undefined:undefined:undefined":9,"s:138:4:141:Infinity":67,"s:139:6:139:Infinity":68,"s:140:6:140:Infinity":69,"s:143:4:147:Infinity":70,"s:149:4:151:Infinity":71,"f:150:6:150:7":18,"s:150:16:150:Infinity":72,"s:153:4:153:Infinity":73,"b:155:4:158:Infinity:undefined:undefined:undefined:undefined":10,"s:155:4:158:Infinity":74,"s:156:6:156:Infinity":75,"s:157:6:157:Infinity":76,"s:161:2:161:Infinity":77,"f:164:9:164:Infinity":19,"s:170:2:187:Infinity":78,"f:170:26:170:27":20,"b:171:4:171:Infinity:undefined:undefined:undefined:undefined":11,"s:171:4:171:Infinity":79,"b:171:8:171:32:171:32:171:53":12,"s:171:53:171:Infinity":80,"b:172:4:172:Infinity:undefined:undefined:undefined:undefined":13,"s:172:4:172:Infinity":81,"b:172:8:172:32:172:32:172:53":14,"s:172:53:172:Infinity":82,"s:174:22:174:Infinity":83,"s:175:22:175:Infinity":84,"b:177:4:177:Infinity:undefined:undefined:undefined:undefined":15,"s:177:4:177:Infinity":85,"b:177:8:177:21:177:21:177:33":16,"s:177:33:177:Infinity":86,"b:178:4:178:Infinity:undefined:undefined:undefined:undefined":17,"s:178:4:178:Infinity":87,"b:178:8:178:22:178:22:178:33":18,"s:178:33:178:Infinity":88,"s:180:20:180:Infinity":89,"s:181:20:181:Infinity":90,"b:182:4:182:Infinity:undefined:undefined:undefined:undefined":19,"s:182:4:182:Infinity":91,"s:182:29:182:Infinity":92,"b:184:4:184:Infinity:undefined:undefined:undefined:undefined":20,"s:184:4:184:Infinity":93,"s:184:29:184:Infinity":94,"s:186:4:186:Infinity":95,"f:190:16:190:Infinity":21,"s:197:21:197:Infinity":96,"f:197:35:197:36":22,"s:197:42:197:71":97,"b:198:2:200:Infinity:undefined:undefined:undefined:undefined":21,"s:198:2:200:Infinity":98,"s:199:4:199:Infinity":99,"b:202:2:204:Infinity:undefined:undefined:undefined:undefined":22,"s:202:2:204:Infinity":100,"s:203:4:203:Infinity":101,"b:207:2:209:Infinity:undefined:undefined:undefined:undefined":23,"s:207:2:209:Infinity":102,"s:208:4:208:Infinity":103,"s:211:27:211:Infinity":104,"b:213:2:218:Infinity:undefined:undefined:undefined:undefined":24,"s:213:2:218:Infinity":105,"s:214:4:217:Infinity":106,"s:220:20:222:Infinity":107,"f:221:20:221:21":23,"s:221:27:221:50":108,"f:221:56:221:57":24,"s:221:63:221:71":109,"s:224:2:232:Infinity":110,"s:224:15:224:18":111,"b:225:4:231:Infinity:undefined:undefined:undefined:undefined":25,"s:225:4:231:Infinity":112,"s:226:6:230:Infinity":113,"f:226:50:226:51":25,"b:227:8:229:Infinity:undefined:undefined:undefined:undefined":26,"s:227:8:229:Infinity":114,"s:228:10:228:Infinity":115,"s:234:33:236:Infinity":116,"f:235:4:235:5":26,"s:235:16:235:Infinity":117,"b:238:2:243:Infinity:undefined:undefined:undefined:undefined":27,"s:238:2:243:Infinity":118,"s:239:4:242:Infinity":119,"s:245:39:247:Infinity":120,"f:245:55:245:56":27,"s:246:4:246:Infinity":121,"s:249:2:261:Infinity":122,"s:250:4:260:Infinity":123,"b:251:6:259:Infinity:undefined:undefined:undefined:undefined":28,"s:251:6:259:Infinity":124,"b:252:8:258:Infinity:undefined:undefined:undefined:undefined":29,"s:252:8:258:Infinity":125,"s:253:36:253:Infinity":126,"s:254:10:257:Infinity":127,"s:264:26:269:Infinity":128,"f:265:9:265:10":28,"s:266:16:266:Infinity":129,"f:266:30:266:31":29,"s:266:37:266:53":130,"s:267:6:267:Infinity":131,"b:267:17:267:27:267:27:267:Infinity":30,"f:269:12:269:13":30,"s:269:19:269:24":132,"b:271:2:281:Infinity:undefined:undefined:undefined:undefined":31,"s:271:2:281:Infinity":133,"s:272:21:272:Infinity":134,"s:273:21:273:Infinity":135,"b:275:4:280:Infinity:undefined:undefined:undefined:undefined":32,"s:275:4:280:Infinity":136,"s:276:6:279:Infinity":137,"s:283:2:283:Infinity":138}}}
}
